{"E:\\DEV\\projects\\leish\\components\\themed-text.tsx": {"path":"E:\\DEV\\projects\\leish\\components\\themed-text.tsx","statementMap":{"0":{"start":{"line":18,"column":16},"end":{"line":18,"column":77}},"1":{"start":{"line":20,"column":2},"end":{"line":33,"column":4}},"2":{"start":{"line":36,"column":15},"end":{"line":60,"column":2}}},"fnMap":{"0":{"name":"ThemedText","decl":{"start":{"line":11,"column":16},"end":{"line":11,"column":26}},"loc":{"start":{"line":17,"column":20},"end":{"line":34,"column":1}},"line":17}},"branchMap":{"0":{"loc":{"start":{"line":15,"column":2},"end":{"line":15,"column":18}},"type":"default-arg","locations":[{"start":{"line":15,"column":9},"end":{"line":15,"column":18}}],"line":15},"1":{"loc":{"start":{"line":24,"column":8},"end":{"line":24,"column":55}},"type":"cond-expr","locations":[{"start":{"line":24,"column":29},"end":{"line":24,"column":43}},{"start":{"line":24,"column":46},"end":{"line":24,"column":55}}],"line":24},"2":{"loc":{"start":{"line":25,"column":8},"end":{"line":25,"column":51}},"type":"cond-expr","locations":[{"start":{"line":25,"column":27},"end":{"line":25,"column":39}},{"start":{"line":25,"column":42},"end":{"line":25,"column":51}}],"line":25},"3":{"loc":{"start":{"line":26,"column":8},"end":{"line":26,"column":71}},"type":"cond-expr","locations":[{"start":{"line":26,"column":37},"end":{"line":26,"column":59}},{"start":{"line":26,"column":62},"end":{"line":26,"column":71}}],"line":26},"4":{"loc":{"start":{"line":27,"column":8},"end":{"line":27,"column":57}},"type":"cond-expr","locations":[{"start":{"line":27,"column":30},"end":{"line":27,"column":45}},{"start":{"line":27,"column":48},"end":{"line":27,"column":57}}],"line":27},"5":{"loc":{"start":{"line":28,"column":8},"end":{"line":28,"column":49}},"type":"cond-expr","locations":[{"start":{"line":28,"column":26},"end":{"line":28,"column":37}},{"start":{"line":28,"column":40},"end":{"line":28,"column":49}}],"line":28}},"s":{"0":3,"1":3,"2":3},"f":{"0":3},"b":{"0":[3],"1":[3,0],"2":[0,3],"3":[0,3],"4":[0,3],"5":[0,3]},"_coverageSchema":"1a1c01bbd47fc00a2c39e90264f33305004495a9","hash":"f901b2e4d7f708de454c96d17cbde10dd09305c2"}
,"E:\\DEV\\projects\\leish\\components\\themed-view.tsx": {"path":"E:\\DEV\\projects\\leish\\components\\themed-view.tsx","statementMap":{"0":{"start":{"line":11,"column":26},"end":{"line":11,"column":93}},"1":{"start":{"line":13,"column":2},"end":{"line":13,"column":71}}},"fnMap":{"0":{"name":"ThemedView","decl":{"start":{"line":10,"column":16},"end":{"line":10,"column":26}},"loc":{"start":{"line":10,"column":93},"end":{"line":14,"column":1}},"line":10}},"branchMap":{},"s":{"0":1,"1":1},"f":{"0":1},"b":{},"_coverageSchema":"1a1c01bbd47fc00a2c39e90264f33305004495a9","hash":"391eb2b7a9346b8249bdd4a47bffb560e78b81a2"}
,"E:\\DEV\\projects\\leish\\components\\ui\\button.tsx": {"path":"E:\\DEV\\projects\\leish\\components\\ui\\button.tsx","statementMap":{"0":{"start":{"line":25,"column":23},"end":{"line":25,"column":48}},"1":{"start":{"line":26,"column":26},"end":{"line":26,"column":57}},"2":{"start":{"line":27,"column":20},"end":{"line":27,"column":45}},"3":{"start":{"line":29,"column":29},"end":{"line":41,"column":3}},"4":{"start":{"line":30,"column":4},"end":{"line":30,"column":41}},"5":{"start":{"line":30,"column":18},"end":{"line":30,"column":41}},"6":{"start":{"line":31,"column":4},"end":{"line":40,"column":5}},"7":{"start":{"line":33,"column":8},"end":{"line":33,"column":28}},"8":{"start":{"line":35,"column":8},"end":{"line":35,"column":31}},"9":{"start":{"line":37,"column":8},"end":{"line":37,"column":25}},"10":{"start":{"line":39,"column":8},"end":{"line":39,"column":28}},"11":{"start":{"line":43,"column":23},"end":{"line":48,"column":3}},"12":{"start":{"line":44,"column":4},"end":{"line":46,"column":5}},"13":{"start":{"line":45,"column":6},"end":{"line":45,"column":20}},"14":{"start":{"line":47,"column":4},"end":{"line":47,"column":21}},"15":{"start":{"line":50,"column":24},"end":{"line":60,"column":3}},"16":{"start":{"line":51,"column":4},"end":{"line":59,"column":5}},"17":{"start":{"line":53,"column":8},"end":{"line":53,"column":61}},"18":{"start":{"line":55,"column":8},"end":{"line":55,"column":62}},"19":{"start":{"line":58,"column":8},"end":{"line":58,"column":62}},"20":{"start":{"line":62,"column":2},"end":{"line":89,"column":4}},"21":{"start":{"line":64,"column":30},"end":{"line":71,"column":7}},"22":{"start":{"line":92,"column":15},"end":{"line":99,"column":2}}},"fnMap":{"0":{"name":"Button","decl":{"start":{"line":16,"column":16},"end":{"line":16,"column":22}},"loc":{"start":{"line":24,"column":16},"end":{"line":90,"column":1}},"line":24},"1":{"name":"(anonymous_1)","decl":{"start":{"line":29,"column":29},"end":{"line":29,"column":30}},"loc":{"start":{"line":29,"column":35},"end":{"line":41,"column":3}},"line":29},"2":{"name":"(anonymous_2)","decl":{"start":{"line":43,"column":23},"end":{"line":43,"column":24}},"loc":{"start":{"line":43,"column":29},"end":{"line":48,"column":3}},"line":43},"3":{"name":"(anonymous_3)","decl":{"start":{"line":50,"column":24},"end":{"line":50,"column":25}},"loc":{"start":{"line":50,"column":30},"end":{"line":60,"column":3}},"line":50},"4":{"name":"(anonymous_4)","decl":{"start":{"line":64,"column":13},"end":{"line":64,"column":14}},"loc":{"start":{"line":64,"column":30},"end":{"line":71,"column":7}},"line":64}},"branchMap":{"0":{"loc":{"start":{"line":19,"column":2},"end":{"line":19,"column":21}},"type":"default-arg","locations":[{"start":{"line":19,"column":12},"end":{"line":19,"column":21}}],"line":19},"1":{"loc":{"start":{"line":20,"column":2},"end":{"line":20,"column":17}},"type":"default-arg","locations":[{"start":{"line":20,"column":9},"end":{"line":20,"column":17}}],"line":20},"2":{"loc":{"start":{"line":21,"column":2},"end":{"line":21,"column":18}},"type":"default-arg","locations":[{"start":{"line":21,"column":13},"end":{"line":21,"column":18}}],"line":21},"3":{"loc":{"start":{"line":22,"column":2},"end":{"line":22,"column":17}},"type":"default-arg","locations":[{"start":{"line":22,"column":12},"end":{"line":22,"column":17}}],"line":22},"4":{"loc":{"start":{"line":30,"column":4},"end":{"line":30,"column":41}},"type":"if","locations":[{"start":{"line":30,"column":4},"end":{"line":30,"column":41}},{"start":{},"end":{}}],"line":30},"5":{"loc":{"start":{"line":31,"column":4},"end":{"line":40,"column":5}},"type":"switch","locations":[{"start":{"line":32,"column":6},"end":{"line":33,"column":28}},{"start":{"line":34,"column":6},"end":{"line":35,"column":31}},{"start":{"line":36,"column":6},"end":{"line":37,"column":25}},{"start":{"line":38,"column":6},"end":{"line":39,"column":28}}],"line":31},"6":{"loc":{"start":{"line":44,"column":4},"end":{"line":46,"column":5}},"type":"if","locations":[{"start":{"line":44,"column":4},"end":{"line":46,"column":5}},{"start":{},"end":{}}],"line":44},"7":{"loc":{"start":{"line":51,"column":4},"end":{"line":59,"column":5}},"type":"switch","locations":[{"start":{"line":52,"column":6},"end":{"line":53,"column":61}},{"start":{"line":54,"column":6},"end":{"line":55,"column":62}},{"start":{"line":56,"column":6},"end":{"line":56,"column":20}},{"start":{"line":57,"column":6},"end":{"line":58,"column":62}}],"line":51},"8":{"loc":{"start":{"line":68,"column":19},"end":{"line":68,"column":36}},"type":"cond-expr","locations":[{"start":{"line":68,"column":29},"end":{"line":68,"column":32}},{"start":{"line":68,"column":35},"end":{"line":68,"column":36}}],"line":68},"9":{"loc":{"start":{"line":73,"column":16},"end":{"line":73,"column":35}},"type":"binary-expr","locations":[{"start":{"line":73,"column":16},"end":{"line":73,"column":24}},{"start":{"line":73,"column":28},"end":{"line":73,"column":35}}],"line":73},"10":{"loc":{"start":{"line":76,"column":7},"end":{"line":87,"column":7}},"type":"cond-expr","locations":[{"start":{"line":77,"column":8},"end":{"line":77,"column":65}},{"start":{"line":79,"column":8},"end":{"line":86,"column":21}}],"line":76}},"s":{"0":1,"1":1,"2":1,"3":1,"4":1,"5":0,"6":1,"7":1,"8":0,"9":0,"10":0,"11":1,"12":1,"13":1,"14":0,"15":1,"16":1,"17":0,"18":0,"19":1,"20":1,"21":1,"22":1},"f":{"0":1,"1":1,"2":1,"3":1,"4":1},"b":{"0":[1],"1":[1],"2":[1],"3":[1],"4":[0,1],"5":[1,0,0,0],"6":[1,0],"7":[0,0,1,1],"8":[0,1],"9":[1,1],"10":[0,1]},"_coverageSchema":"1a1c01bbd47fc00a2c39e90264f33305004495a9","hash":"88868d8515c76413767e70ab28326f839e100a5e"}
,"E:\\DEV\\projects\\leish\\components\\ui\\card.tsx": {"path":"E:\\DEV\\projects\\leish\\components\\ui\\card.tsx","statementMap":{"0":{"start":{"line":14,"column":2},"end":{"line":28,"column":4}},"1":{"start":{"line":51,"column":4},"end":{"line":64,"column":11}},"2":{"start":{"line":67,"column":2},"end":{"line":71,"column":4}},"3":{"start":{"line":74,"column":15},"end":{"line":114,"column":2}}},"fnMap":{"0":{"name":"Card","decl":{"start":{"line":13,"column":16},"end":{"line":13,"column":20}},"loc":{"start":{"line":13,"column":85},"end":{"line":29,"column":1}},"line":13},"1":{"name":"ListCard","decl":{"start":{"line":41,"column":16},"end":{"line":41,"column":24}},"loc":{"start":{"line":49,"column":18},"end":{"line":72,"column":1}},"line":49}},"branchMap":{"0":{"loc":{"start":{"line":13,"column":49},"end":{"line":13,"column":61}},"type":"default-arg","locations":[{"start":{"line":13,"column":59},"end":{"line":13,"column":61}}],"line":13},"1":{"loc":{"start":{"line":13,"column":63},"end":{"line":13,"column":70}},"type":"default-arg","locations":[{"start":{"line":13,"column":69},"end":{"line":13,"column":70}}],"line":13},"2":{"loc":{"start":{"line":52,"column":7},"end":{"line":52,"column":63}},"type":"binary-expr","locations":[{"start":{"line":52,"column":7},"end":{"line":52,"column":11}},{"start":{"line":52,"column":15},"end":{"line":52,"column":63}}],"line":52},"3":{"loc":{"start":{"line":54,"column":57},"end":{"line":54,"column":102}},"type":"cond-expr","locations":[{"start":{"line":54,"column":72},"end":{"line":54,"column":87}},{"start":{"line":54,"column":90},"end":{"line":54,"column":102}}],"line":54},"4":{"loc":{"start":{"line":59,"column":13},"end":{"line":59,"column":87}},"type":"binary-expr","locations":[{"start":{"line":59,"column":13},"end":{"line":59,"column":24}},{"start":{"line":59,"column":28},"end":{"line":59,"column":87}}],"line":59},"5":{"loc":{"start":{"line":61,"column":11},"end":{"line":61,"column":82}},"type":"binary-expr","locations":[{"start":{"line":61,"column":11},"end":{"line":61,"column":23}},{"start":{"line":61,"column":27},"end":{"line":61,"column":82}}],"line":61}},"s":{"0":1,"1":0,"2":0,"3":1},"f":{"0":1,"1":0},"b":{"0":[1],"1":[1],"2":[0,0],"3":[0,0],"4":[0,0],"5":[0,0]},"_coverageSchema":"1a1c01bbd47fc00a2c39e90264f33305004495a9","hash":"93e7767355789f628051988a37f942a63da77d37"}
,"E:\\DEV\\projects\\leish\\components\\ui\\input.tsx": {"path":"E:\\DEV\\projects\\leish\\components\\ui\\input.tsx","statementMap":{"0":{"start":{"line":35,"column":20},"end":{"line":35,"column":45}},"1":{"start":{"line":36,"column":27},"end":{"line":36,"column":52}},"2":{"start":{"line":37,"column":20},"end":{"line":37,"column":45}},"3":{"start":{"line":38,"column":26},"end":{"line":38,"column":57}},"4":{"start":{"line":39,"column":22},"end":{"line":39,"column":51}},"5":{"start":{"line":41,"column":2},"end":{"line":73,"column":4}},"6":{"start":{"line":76,"column":15},"end":{"line":97,"column":2}}},"fnMap":{"0":{"name":"TextInputField","decl":{"start":{"line":21,"column":16},"end":{"line":21,"column":30}},"loc":{"start":{"line":34,"column":19},"end":{"line":74,"column":1}},"line":34}},"branchMap":{"0":{"loc":{"start":{"line":26,"column":2},"end":{"line":26,"column":25}},"type":"default-arg","locations":[{"start":{"line":26,"column":20},"end":{"line":26,"column":25}}],"line":26},"1":{"loc":{"start":{"line":28,"column":2},"end":{"line":28,"column":18}},"type":"default-arg","locations":[{"start":{"line":28,"column":13},"end":{"line":28,"column":18}}],"line":28},"2":{"loc":{"start":{"line":29,"column":2},"end":{"line":29,"column":26}},"type":"default-arg","locations":[{"start":{"line":29,"column":17},"end":{"line":29,"column":26}}],"line":29},"3":{"loc":{"start":{"line":30,"column":2},"end":{"line":30,"column":19}},"type":"default-arg","locations":[{"start":{"line":30,"column":14},"end":{"line":30,"column":19}}],"line":30},"4":{"loc":{"start":{"line":31,"column":2},"end":{"line":31,"column":19}},"type":"default-arg","locations":[{"start":{"line":31,"column":18},"end":{"line":31,"column":19}}],"line":31},"5":{"loc":{"start":{"line":32,"column":2},"end":{"line":32,"column":22}},"type":"default-arg","locations":[{"start":{"line":32,"column":17},"end":{"line":32,"column":22}}],"line":32},"6":{"loc":{"start":{"line":39,"column":22},"end":{"line":39,"column":51}},"type":"cond-expr","locations":[{"start":{"line":39,"column":30},"end":{"line":39,"column":39}},{"start":{"line":39,"column":42},"end":{"line":39,"column":51}}],"line":39},"7":{"loc":{"start":{"line":43,"column":7},"end":{"line":48,"column":7}},"type":"binary-expr","locations":[{"start":{"line":43,"column":7},"end":{"line":43,"column":12}},{"start":{"line":44,"column":8},"end":{"line":47,"column":21}}],"line":43},"8":{"loc":{"start":{"line":46,"column":11},"end":{"line":46,"column":76}},"type":"binary-expr","locations":[{"start":{"line":46,"column":11},"end":{"line":46,"column":16}},{"start":{"line":46,"column":20},"end":{"line":46,"column":76}}],"line":46},"9":{"loc":{"start":{"line":56,"column":21},"end":{"line":56,"column":39}},"type":"cond-expr","locations":[{"start":{"line":56,"column":32},"end":{"line":56,"column":35}},{"start":{"line":56,"column":38},"end":{"line":56,"column":39}}],"line":56},"10":{"loc":{"start":{"line":71,"column":7},"end":{"line":71,"column":69}},"type":"binary-expr","locations":[{"start":{"line":71,"column":7},"end":{"line":71,"column":12}},{"start":{"line":71,"column":16},"end":{"line":71,"column":69}}],"line":71}},"s":{"0":1,"1":1,"2":1,"3":1,"4":1,"5":1,"6":1},"f":{"0":1},"b":{"0":[1],"1":[1],"2":[1],"3":[1],"4":[1],"5":[1],"6":[0,1],"7":[1,1],"8":[1,0],"9":[0,1],"10":[1,0]},"_coverageSchema":"1a1c01bbd47fc00a2c39e90264f33305004495a9","hash":"8cd261ef0c376fd906766d958b2258c282eb327c"}
,"E:\\DEV\\projects\\leish\\constants\\theme.ts": {"path":"E:\\DEV\\projects\\leish\\constants\\theme.ts","statementMap":{"0":{"start":{"line":8,"column":23},"end":{"line":8,"column":32}},"1":{"start":{"line":9,"column":22},"end":{"line":9,"column":28}},"2":{"start":{"line":11,"column":22},"end":{"line":28,"column":1}},"3":{"start":{"line":30,"column":21},"end":{"line":53,"column":2}}},"fnMap":{},"branchMap":{},"s":{"0":3,"1":3,"2":3,"3":3},"f":{},"b":{},"_coverageSchema":"1a1c01bbd47fc00a2c39e90264f33305004495a9","hash":"34e626bf173efcd525827f45e4766b0f167f1ca8"}
,"E:\\DEV\\projects\\leish\\hooks\\use-async.ts": {"path":"E:\\DEV\\projects\\leish\\hooks\\use-async.ts","statementMap":{"0":{"start":{"line":19,"column":28},"end":{"line":23,"column":4}},"1":{"start":{"line":25,"column":18},"end":{"line":38,"column":30}},"2":{"start":{"line":26,"column":4},"end":{"line":26,"column":57}},"3":{"start":{"line":27,"column":4},"end":{"line":37,"column":5}},"4":{"start":{"line":28,"column":23},"end":{"line":28,"column":44}},"5":{"start":{"line":29,"column":6},"end":{"line":29,"column":64}},"6":{"start":{"line":30,"column":6},"end":{"line":30,"column":37}},"7":{"start":{"line":31,"column":6},"end":{"line":31,"column":22}},"8":{"start":{"line":33,"column":27},"end":{"line":33,"column":64}},"9":{"start":{"line":34,"column":6},"end":{"line":34,"column":68}},"10":{"start":{"line":35,"column":6},"end":{"line":35,"column":32}},"11":{"start":{"line":36,"column":6},"end":{"line":36,"column":18}},"12":{"start":{"line":40,"column":2},"end":{"line":44,"column":27}},"13":{"start":{"line":41,"column":4},"end":{"line":43,"column":5}},"14":{"start":{"line":42,"column":6},"end":{"line":42,"column":16}},"15":{"start":{"line":46,"column":2},"end":{"line":46,"column":49}},"16":{"start":{"line":59,"column":28},"end":{"line":63,"column":4}},"17":{"start":{"line":65,"column":17},"end":{"line":81,"column":3}},"18":{"start":{"line":67,"column":6},"end":{"line":67,"column":59}},"19":{"start":{"line":68,"column":6},"end":{"line":78,"column":7}},"20":{"start":{"line":69,"column":25},"end":{"line":69,"column":58}},"21":{"start":{"line":70,"column":8},"end":{"line":70,"column":66}},"22":{"start":{"line":71,"column":8},"end":{"line":71,"column":39}},"23":{"start":{"line":72,"column":8},"end":{"line":72,"column":24}},"24":{"start":{"line":74,"column":29},"end":{"line":74,"column":66}},"25":{"start":{"line":75,"column":8},"end":{"line":75,"column":70}},"26":{"start":{"line":76,"column":8},"end":{"line":76,"column":34}},"27":{"start":{"line":77,"column":8},"end":{"line":77,"column":20}},"28":{"start":{"line":83,"column":2},"end":{"line":83,"column":30}}},"fnMap":{"0":{"name":"useAsync","decl":{"start":{"line":14,"column":16},"end":{"line":14,"column":24}},"loc":{"start":{"line":18,"column":2},"end":{"line":47,"column":1}},"line":18},"1":{"name":"(anonymous_1)","decl":{"start":{"line":25,"column":30},"end":{"line":25,"column":31}},"loc":{"start":{"line":25,"column":42},"end":{"line":38,"column":3}},"line":25},"2":{"name":"(anonymous_2)","decl":{"start":{"line":40,"column":12},"end":{"line":40,"column":13}},"loc":{"start":{"line":40,"column":18},"end":{"line":44,"column":3}},"line":40},"3":{"name":"useMutation","decl":{"start":{"line":55,"column":16},"end":{"line":55,"column":27}},"loc":{"start":{"line":58,"column":2},"end":{"line":84,"column":1}},"line":58},"4":{"name":"(anonymous_4)","decl":{"start":{"line":66,"column":4},"end":{"line":66,"column":5}},"loc":{"start":{"line":66,"column":28},"end":{"line":79,"column":5}},"line":66}},"branchMap":{"0":{"loc":{"start":{"line":16,"column":2},"end":{"line":16,"column":18}},"type":"default-arg","locations":[{"start":{"line":16,"column":14},"end":{"line":16,"column":18}}],"line":16},"1":{"loc":{"start":{"line":33,"column":27},"end":{"line":33,"column":64}},"type":"binary-expr","locations":[{"start":{"line":33,"column":27},"end":{"line":33,"column":41}},{"start":{"line":33,"column":45},"end":{"line":33,"column":64}}],"line":33},"2":{"loc":{"start":{"line":41,"column":4},"end":{"line":43,"column":5}},"type":"if","locations":[{"start":{"line":41,"column":4},"end":{"line":43,"column":5}},{"start":{},"end":{}}],"line":41},"3":{"loc":{"start":{"line":74,"column":29},"end":{"line":74,"column":66}},"type":"binary-expr","locations":[{"start":{"line":74,"column":29},"end":{"line":74,"column":43}},{"start":{"line":74,"column":47},"end":{"line":74,"column":66}}],"line":74}},"s":{"0":3,"1":3,"2":1,"3":1,"4":1,"5":1,"6":1,"7":1,"8":0,"9":0,"10":0,"11":0,"12":3,"13":1,"14":1,"15":3,"16":0,"17":0,"18":0,"19":0,"20":0,"21":0,"22":0,"23":0,"24":0,"25":0,"26":0,"27":0,"28":0},"f":{"0":3,"1":1,"2":1,"3":0,"4":0},"b":{"0":[0],"1":[0,0],"2":[1,0],"3":[0,0]},"_coverageSchema":"1a1c01bbd47fc00a2c39e90264f33305004495a9","hash":"3dc813a664d2f4d85ebee691c81295ebb4a8227c"}
,"E:\\DEV\\projects\\leish\\hooks\\use-auth.ts": {"path":"E:\\DEV\\projects\\leish\\hooks\\use-auth.ts","statementMap":{"0":{"start":{"line":4,"column":23},"end":{"line":31,"column":1}},"1":{"start":{"line":5,"column":20},"end":{"line":5,"column":34}},"2":{"start":{"line":6,"column":21},"end":{"line":6,"column":54}},"3":{"start":{"line":6,"column":41},"end":{"line":6,"column":53}},"4":{"start":{"line":7,"column":28},"end":{"line":7,"column":43}},"5":{"start":{"line":9,"column":2},"end":{"line":16,"column":19}},"6":{"start":{"line":10,"column":21},"end":{"line":13,"column":5}},"7":{"start":{"line":11,"column":6},"end":{"line":11,"column":25}},"8":{"start":{"line":12,"column":6},"end":{"line":12,"column":21}},"9":{"start":{"line":15,"column":4},"end":{"line":15,"column":15}},"10":{"start":{"line":18,"column":2},"end":{"line":30,"column":4}}},"fnMap":{"0":{"name":"(anonymous_0)","decl":{"start":{"line":4,"column":23},"end":{"line":4,"column":24}},"loc":{"start":{"line":4,"column":29},"end":{"line":31,"column":1}},"line":4},"1":{"name":"(anonymous_1)","decl":{"start":{"line":6,"column":34},"end":{"line":6,"column":35}},"loc":{"start":{"line":6,"column":41},"end":{"line":6,"column":53}},"line":6},"2":{"name":"(anonymous_2)","decl":{"start":{"line":9,"column":12},"end":{"line":9,"column":13}},"loc":{"start":{"line":9,"column":18},"end":{"line":16,"column":3}},"line":9},"3":{"name":"(anonymous_3)","decl":{"start":{"line":10,"column":21},"end":{"line":10,"column":22}},"loc":{"start":{"line":10,"column":33},"end":{"line":13,"column":5}},"line":10}},"branchMap":{},"s":{"0":1,"1":7,"2":7,"3":27,"4":7,"5":7,"6":2,"7":2,"8":2,"9":2,"10":7},"f":{"0":7,"1":27,"2":2,"3":2},"b":{},"_coverageSchema":"1a1c01bbd47fc00a2c39e90264f33305004495a9","hash":"3f5f9ab8e7d0dffcb27dddecb37ca911aa2ad9b7"}
,"E:\\DEV\\projects\\leish\\hooks\\use-color-scheme.ts": {"path":"E:\\DEV\\projects\\leish\\hooks\\use-color-scheme.ts","statementMap":{},"fnMap":{},"branchMap":{},"s":{},"f":{},"b":{},"_coverageSchema":"1a1c01bbd47fc00a2c39e90264f33305004495a9","hash":"2c511f29cc3d900c8be7c24aebb083e2c4cacac5"}
,"E:\\DEV\\projects\\leish\\hooks\\use-theme-color.ts": {"path":"E:\\DEV\\projects\\leish\\hooks\\use-theme-color.ts","statementMap":{"0":{"start":{"line":13,"column":16},"end":{"line":13,"column":43}},"1":{"start":{"line":14,"column":25},"end":{"line":14,"column":37}},"2":{"start":{"line":16,"column":2},"end":{"line":20,"column":3}},"3":{"start":{"line":17,"column":4},"end":{"line":17,"column":26}},"4":{"start":{"line":19,"column":4},"end":{"line":19,"column":36}}},"fnMap":{"0":{"name":"useThemeColor","decl":{"start":{"line":9,"column":16},"end":{"line":9,"column":29}},"loc":{"start":{"line":12,"column":2},"end":{"line":21,"column":1}},"line":12}},"branchMap":{"0":{"loc":{"start":{"line":13,"column":16},"end":{"line":13,"column":43}},"type":"binary-expr","locations":[{"start":{"line":13,"column":16},"end":{"line":13,"column":32}},{"start":{"line":13,"column":36},"end":{"line":13,"column":43}}],"line":13},"1":{"loc":{"start":{"line":16,"column":2},"end":{"line":20,"column":3}},"type":"if","locations":[{"start":{"line":16,"column":2},"end":{"line":20,"column":3}},{"start":{"line":18,"column":9},"end":{"line":20,"column":3}}],"line":16}},"s":{"0":11,"1":11,"2":11,"3":0,"4":11},"f":{"0":11},"b":{"0":[11,0],"1":[0,11]},"_coverageSchema":"1a1c01bbd47fc00a2c39e90264f33305004495a9","hash":"45725ad6972802b6adb0a6d89c9baf781d268c56"}
,"E:\\DEV\\projects\\leish\\services\\api.ts": {"path":"E:\\DEV\\projects\\leish\\services\\api.ts","statementMap":{"0":{"start":{"line":5,"column":21},"end":{"line":5,"column":81}},"1":{"start":{"line":8,"column":33},"end":{"line":14,"column":2}},"2":{"start":{"line":17,"column":0},"end":{"line":28,"column":2}},"3":{"start":{"line":19,"column":18},"end":{"line":19,"column":53}},"4":{"start":{"line":20,"column":4},"end":{"line":22,"column":5}},"5":{"start":{"line":21,"column":6},"end":{"line":21,"column":55}},"6":{"start":{"line":23,"column":4},"end":{"line":23,"column":18}},"7":{"start":{"line":26,"column":4},"end":{"line":26,"column":33}},"8":{"start":{"line":31,"column":0},"end":{"line":43,"column":2}},"9":{"start":{"line":32,"column":16},"end":{"line":32,"column":24}},"10":{"start":{"line":35,"column":4},"end":{"line":39,"column":5}},"11":{"start":{"line":36,"column":6},"end":{"line":36,"column":39}},"12":{"start":{"line":41,"column":4},"end":{"line":41,"column":33}},"13":{"start":{"line":45,"column":26},"end":{"line":156,"column":1}},"14":{"start":{"line":48,"column":4},"end":{"line":56,"column":5}},"15":{"start":{"line":49,"column":23},"end":{"line":52,"column":8}},"16":{"start":{"line":53,"column":6},"end":{"line":53,"column":27}},"17":{"start":{"line":55,"column":6},"end":{"line":55,"column":36}},"18":{"start":{"line":60,"column":4},"end":{"line":69,"column":5}},"19":{"start":{"line":61,"column":23},"end":{"line":65,"column":8}},"20":{"start":{"line":66,"column":6},"end":{"line":66,"column":27}},"21":{"start":{"line":68,"column":6},"end":{"line":68,"column":36}},"22":{"start":{"line":73,"column":4},"end":{"line":77,"column":5}},"23":{"start":{"line":74,"column":6},"end":{"line":74,"column":43}},"24":{"start":{"line":76,"column":6},"end":{"line":76,"column":44}},"25":{"start":{"line":81,"column":4},"end":{"line":86,"column":5}},"26":{"start":{"line":82,"column":23},"end":{"line":82,"column":54}},"27":{"start":{"line":83,"column":6},"end":{"line":83,"column":27}},"28":{"start":{"line":85,"column":6},"end":{"line":85,"column":36}},"29":{"start":{"line":90,"column":4},"end":{"line":95,"column":5}},"30":{"start":{"line":91,"column":23},"end":{"line":91,"column":60}},"31":{"start":{"line":92,"column":6},"end":{"line":92,"column":27}},"32":{"start":{"line":94,"column":6},"end":{"line":94,"column":36}},"33":{"start":{"line":100,"column":4},"end":{"line":105,"column":5}},"34":{"start":{"line":101,"column":23},"end":{"line":101,"column":63}},"35":{"start":{"line":102,"column":6},"end":{"line":102,"column":27}},"36":{"start":{"line":104,"column":6},"end":{"line":104,"column":36}},"37":{"start":{"line":110,"column":4},"end":{"line":115,"column":5}},"38":{"start":{"line":111,"column":23},"end":{"line":111,"column":70}},"39":{"start":{"line":112,"column":6},"end":{"line":112,"column":27}},"40":{"start":{"line":114,"column":6},"end":{"line":114,"column":36}},"41":{"start":{"line":120,"column":4},"end":{"line":125,"column":5}},"42":{"start":{"line":121,"column":23},"end":{"line":121,"column":69}},"43":{"start":{"line":122,"column":6},"end":{"line":122,"column":27}},"44":{"start":{"line":124,"column":6},"end":{"line":124,"column":36}},"45":{"start":{"line":130,"column":4},"end":{"line":135,"column":5}},"46":{"start":{"line":131,"column":23},"end":{"line":131,"column":66}},"47":{"start":{"line":132,"column":6},"end":{"line":132,"column":27}},"48":{"start":{"line":134,"column":6},"end":{"line":134,"column":36}},"49":{"start":{"line":140,"column":4},"end":{"line":149,"column":5}},"50":{"start":{"line":141,"column":21},"end":{"line":141,"column":43}},"51":{"start":{"line":142,"column":22},"end":{"line":142,"column":68}},"52":{"start":{"line":144,"column":6},"end":{"line":148,"column":8}},"53":{"start":{"line":151,"column":4},"end":{"line":154,"column":6}}},"fnMap":{"0":{"name":"(anonymous_0)","decl":{"start":{"line":18,"column":2},"end":{"line":18,"column":3}},"loc":{"start":{"line":18,"column":20},"end":{"line":24,"column":3}},"line":18},"1":{"name":"(anonymous_1)","decl":{"start":{"line":25,"column":2},"end":{"line":25,"column":3}},"loc":{"start":{"line":25,"column":13},"end":{"line":27,"column":3}},"line":25},"2":{"name":"(anonymous_2)","decl":{"start":{"line":32,"column":2},"end":{"line":32,"column":3}},"loc":{"start":{"line":32,"column":16},"end":{"line":32,"column":24}},"line":32},"3":{"name":"(anonymous_3)","decl":{"start":{"line":33,"column":2},"end":{"line":33,"column":3}},"loc":{"start":{"line":33,"column":31},"end":{"line":42,"column":3}},"line":33},"4":{"name":"(anonymous_4)","decl":{"start":{"line":47,"column":2},"end":{"line":47,"column":3}},"loc":{"start":{"line":47,"column":47},"end":{"line":57,"column":3}},"line":47},"5":{"name":"(anonymous_5)","decl":{"start":{"line":59,"column":2},"end":{"line":59,"column":3}},"loc":{"start":{"line":59,"column":62},"end":{"line":70,"column":3}},"line":59},"6":{"name":"(anonymous_6)","decl":{"start":{"line":72,"column":2},"end":{"line":72,"column":3}},"loc":{"start":{"line":72,"column":17},"end":{"line":78,"column":3}},"line":72},"7":{"name":"(anonymous_7)","decl":{"start":{"line":80,"column":2},"end":{"line":80,"column":3}},"loc":{"start":{"line":80,"column":25},"end":{"line":87,"column":3}},"line":80},"8":{"name":"(anonymous_8)","decl":{"start":{"line":89,"column":2},"end":{"line":89,"column":3}},"loc":{"start":{"line":89,"column":23},"end":{"line":96,"column":3}},"line":89},"9":{"name":"(anonymous_9)","decl":{"start":{"line":99,"column":2},"end":{"line":99,"column":3}},"loc":{"start":{"line":99,"column":65},"end":{"line":106,"column":3}},"line":99},"10":{"name":"(anonymous_10)","decl":{"start":{"line":109,"column":2},"end":{"line":109,"column":3}},"loc":{"start":{"line":109,"column":78},"end":{"line":116,"column":3}},"line":109},"11":{"name":"(anonymous_11)","decl":{"start":{"line":119,"column":2},"end":{"line":119,"column":3}},"loc":{"start":{"line":119,"column":77},"end":{"line":126,"column":3}},"line":119},"12":{"name":"(anonymous_12)","decl":{"start":{"line":129,"column":2},"end":{"line":129,"column":3}},"loc":{"start":{"line":129,"column":68},"end":{"line":136,"column":3}},"line":129},"13":{"name":"(anonymous_13)","decl":{"start":{"line":139,"column":2},"end":{"line":139,"column":3}},"loc":{"start":{"line":139,"column":26},"end":{"line":155,"column":3}},"line":139}},"branchMap":{"0":{"loc":{"start":{"line":5,"column":21},"end":{"line":5,"column":81}},"type":"binary-expr","locations":[{"start":{"line":5,"column":21},"end":{"line":5,"column":52}},{"start":{"line":5,"column":56},"end":{"line":5,"column":81}}],"line":5},"1":{"loc":{"start":{"line":20,"column":4},"end":{"line":22,"column":5}},"type":"if","locations":[{"start":{"line":20,"column":4},"end":{"line":22,"column":5}},{"start":{},"end":{}}],"line":20},"2":{"loc":{"start":{"line":35,"column":4},"end":{"line":39,"column":5}},"type":"if","locations":[{"start":{"line":35,"column":4},"end":{"line":39,"column":5}},{"start":{},"end":{}}],"line":35},"3":{"loc":{"start":{"line":140,"column":4},"end":{"line":149,"column":5}},"type":"if","locations":[{"start":{"line":140,"column":4},"end":{"line":149,"column":5}},{"start":{},"end":{}}],"line":140},"4":{"loc":{"start":{"line":142,"column":22},"end":{"line":142,"column":68}},"type":"binary-expr","locations":[{"start":{"line":142,"column":22},"end":{"line":142,"column":51}},{"start":{"line":142,"column":55},"end":{"line":142,"column":68}}],"line":142}},"s":{"0":7,"1":7,"2":7,"3":7,"4":7,"5":0,"6":7,"7":0,"8":7,"9":7,"10":0,"11":0,"12":0,"13":7,"14":0,"15":0,"16":0,"17":0,"18":0,"19":0,"20":0,"21":0,"22":0,"23":0,"24":0,"25":0,"26":0,"27":0,"28":0,"29":0,"30":0,"31":0,"32":0,"33":0,"34":0,"35":0,"36":0,"37":0,"38":0,"39":0,"40":0,"41":0,"42":0,"43":0,"44":0,"45":0,"46":0,"47":0,"48":0,"49":1,"50":1,"51":1,"52":1,"53":0},"f":{"0":7,"1":0,"2":7,"3":0,"4":0,"5":0,"6":0,"7":0,"8":0,"9":0,"10":0,"11":0,"12":0,"13":1},"b":{"0":[7,7],"1":[0,7],"2":[0,0],"3":[1,0],"4":[1,0]},"_coverageSchema":"1a1c01bbd47fc00a2c39e90264f33305004495a9","hash":"dab4dcdaeae79da11c5585caf95d0dad7b843c6f"}
,"E:\\DEV\\projects\\leish\\services\\auth.ts": {"path":"E:\\DEV\\projects\\leish\\services\\auth.ts","statementMap":{"0":{"start":{"line":5,"column":27},"end":{"line":75,"column":1}},"1":{"start":{"line":7,"column":4},"end":{"line":23,"column":5}},"2":{"start":{"line":8,"column":23},"end":{"line":8,"column":62}},"3":{"start":{"line":11,"column":6},"end":{"line":13,"column":7}},"4":{"start":{"line":12,"column":8},"end":{"line":12,"column":58}},"5":{"start":{"line":14,"column":6},"end":{"line":17,"column":7}},"6":{"start":{"line":15,"column":8},"end":{"line":15,"column":56}},"7":{"start":{"line":16,"column":8},"end":{"line":16,"column":49}},"8":{"start":{"line":19,"column":6},"end":{"line":19,"column":22}},"9":{"start":{"line":21,"column":6},"end":{"line":21,"column":43}},"10":{"start":{"line":22,"column":6},"end":{"line":22,"column":18}},"11":{"start":{"line":27,"column":4},"end":{"line":43,"column":5}},"12":{"start":{"line":28,"column":23},"end":{"line":28,"column":69}},"13":{"start":{"line":31,"column":6},"end":{"line":33,"column":7}},"14":{"start":{"line":32,"column":8},"end":{"line":32,"column":58}},"15":{"start":{"line":34,"column":6},"end":{"line":37,"column":7}},"16":{"start":{"line":35,"column":8},"end":{"line":35,"column":56}},"17":{"start":{"line":36,"column":8},"end":{"line":36,"column":49}},"18":{"start":{"line":39,"column":6},"end":{"line":39,"column":22}},"19":{"start":{"line":41,"column":6},"end":{"line":41,"column":44}},"20":{"start":{"line":42,"column":6},"end":{"line":42,"column":18}},"21":{"start":{"line":47,"column":4},"end":{"line":54,"column":5}},"22":{"start":{"line":48,"column":6},"end":{"line":48,"column":32}},"23":{"start":{"line":50,"column":6},"end":{"line":50,"column":63}},"24":{"start":{"line":53,"column":6},"end":{"line":53,"column":39}},"25":{"start":{"line":58,"column":4},"end":{"line":64,"column":5}},"26":{"start":{"line":59,"column":23},"end":{"line":59,"column":56}},"27":{"start":{"line":60,"column":6},"end":{"line":60,"column":35}},"28":{"start":{"line":62,"column":6},"end":{"line":62,"column":54}},"29":{"start":{"line":63,"column":6},"end":{"line":63,"column":18}},"30":{"start":{"line":68,"column":18},"end":{"line":68,"column":53}},"31":{"start":{"line":69,"column":4},"end":{"line":69,"column":19}},"32":{"start":{"line":73,"column":4},"end":{"line":73,"column":46}}},"fnMap":{"0":{"name":"(anonymous_0)","decl":{"start":{"line":6,"column":2},"end":{"line":6,"column":3}},"loc":{"start":{"line":6,"column":70},"end":{"line":24,"column":3}},"line":6},"1":{"name":"(anonymous_1)","decl":{"start":{"line":26,"column":2},"end":{"line":26,"column":3}},"loc":{"start":{"line":26,"column":85},"end":{"line":44,"column":3}},"line":26},"2":{"name":"(anonymous_2)","decl":{"start":{"line":46,"column":2},"end":{"line":46,"column":3}},"loc":{"start":{"line":46,"column":32},"end":{"line":55,"column":3}},"line":46},"3":{"name":"(anonymous_3)","decl":{"start":{"line":57,"column":2},"end":{"line":57,"column":3}},"loc":{"start":{"line":57,"column":47},"end":{"line":65,"column":3}},"line":57},"4":{"name":"(anonymous_4)","decl":{"start":{"line":67,"column":2},"end":{"line":67,"column":3}},"loc":{"start":{"line":67,"column":44},"end":{"line":70,"column":3}},"line":67},"5":{"name":"(anonymous_5)","decl":{"start":{"line":72,"column":2},"end":{"line":72,"column":3}},"loc":{"start":{"line":72,"column":46},"end":{"line":74,"column":3}},"line":72}},"branchMap":{"0":{"loc":{"start":{"line":11,"column":6},"end":{"line":13,"column":7}},"type":"if","locations":[{"start":{"line":11,"column":6},"end":{"line":13,"column":7}},{"start":{},"end":{}}],"line":11},"1":{"loc":{"start":{"line":14,"column":6},"end":{"line":17,"column":7}},"type":"if","locations":[{"start":{"line":14,"column":6},"end":{"line":17,"column":7}},{"start":{},"end":{}}],"line":14},"2":{"loc":{"start":{"line":31,"column":6},"end":{"line":33,"column":7}},"type":"if","locations":[{"start":{"line":31,"column":6},"end":{"line":33,"column":7}},{"start":{},"end":{}}],"line":31},"3":{"loc":{"start":{"line":34,"column":6},"end":{"line":37,"column":7}},"type":"if","locations":[{"start":{"line":34,"column":6},"end":{"line":37,"column":7}},{"start":{},"end":{}}],"line":34},"4":{"loc":{"start":{"line":60,"column":13},"end":{"line":60,"column":34}},"type":"binary-expr","locations":[{"start":{"line":60,"column":13},"end":{"line":60,"column":26}},{"start":{"line":60,"column":30},"end":{"line":60,"column":34}}],"line":60}},"s":{"0":6,"1":2,"2":2,"3":1,"4":1,"5":1,"6":1,"7":1,"8":1,"9":1,"10":1,"11":2,"12":2,"13":1,"14":1,"15":1,"16":1,"17":1,"18":1,"19":1,"20":1,"21":2,"22":2,"23":1,"24":2,"25":2,"26":2,"27":1,"28":1,"29":1,"30":2,"31":2,"32":2},"f":{"0":2,"1":2,"2":2,"3":2,"4":2,"5":2},"b":{"0":[1,0],"1":[1,0],"2":[1,0],"3":[1,0],"4":[1,1]},"_coverageSchema":"1a1c01bbd47fc00a2c39e90264f33305004495a9","hash":"46ae53e5db5702d9f07753f1c057bc0c86fc2b25"}
,"E:\\DEV\\projects\\leish\\services\\storage.ts": {"path":"E:\\DEV\\projects\\leish\\services\\storage.ts","statementMap":{"0":{"start":{"line":3,"column":13},"end":{"line":8,"column":1}},"1":{"start":{"line":10,"column":30},"end":{"line":121,"column":1}},"2":{"start":{"line":13,"column":4},"end":{"line":18,"column":5}},"3":{"start":{"line":14,"column":6},"end":{"line":14,"column":57}},"4":{"start":{"line":16,"column":6},"end":{"line":16,"column":56}},"5":{"start":{"line":17,"column":6},"end":{"line":17,"column":18}},"6":{"start":{"line":22,"column":4},"end":{"line":27,"column":5}},"7":{"start":{"line":23,"column":6},"end":{"line":23,"column":57}},"8":{"start":{"line":25,"column":6},"end":{"line":25,"column":56}},"9":{"start":{"line":26,"column":6},"end":{"line":26,"column":18}},"10":{"start":{"line":31,"column":4},"end":{"line":36,"column":5}},"11":{"start":{"line":32,"column":6},"end":{"line":32,"column":53}},"12":{"start":{"line":34,"column":6},"end":{"line":34,"column":59}},"13":{"start":{"line":35,"column":6},"end":{"line":35,"column":18}},"14":{"start":{"line":41,"column":4},"end":{"line":46,"column":5}},"15":{"start":{"line":42,"column":6},"end":{"line":42,"column":57}},"16":{"start":{"line":44,"column":6},"end":{"line":44,"column":56}},"17":{"start":{"line":45,"column":6},"end":{"line":45,"column":18}},"18":{"start":{"line":50,"column":4},"end":{"line":55,"column":5}},"19":{"start":{"line":51,"column":6},"end":{"line":51,"column":57}},"20":{"start":{"line":53,"column":6},"end":{"line":53,"column":56}},"21":{"start":{"line":54,"column":6},"end":{"line":54,"column":18}},"22":{"start":{"line":60,"column":4},"end":{"line":65,"column":5}},"23":{"start":{"line":61,"column":6},"end":{"line":61,"column":75}},"24":{"start":{"line":63,"column":6},"end":{"line":63,"column":55}},"25":{"start":{"line":64,"column":6},"end":{"line":64,"column":18}},"26":{"start":{"line":69,"column":4},"end":{"line":75,"column":5}},"27":{"start":{"line":70,"column":19},"end":{"line":70,"column":61}},"28":{"start":{"line":71,"column":6},"end":{"line":71,"column":44}},"29":{"start":{"line":73,"column":6},"end":{"line":73,"column":55}},"30":{"start":{"line":74,"column":6},"end":{"line":74,"column":18}},"31":{"start":{"line":80,"column":4},"end":{"line":88,"column":5}},"32":{"start":{"line":81,"column":20},"end":{"line":81,"column":74}},"33":{"start":{"line":82,"column":22},"end":{"line":82,"column":39}},"34":{"start":{"line":83,"column":6},"end":{"line":83,"column":27}},"35":{"start":{"line":84,"column":6},"end":{"line":84,"column":76}},"36":{"start":{"line":86,"column":6},"end":{"line":86,"column":56}},"37":{"start":{"line":87,"column":6},"end":{"line":87,"column":18}},"38":{"start":{"line":92,"column":4},"end":{"line":99,"column":5}},"39":{"start":{"line":93,"column":20},"end":{"line":93,"column":74}},"40":{"start":{"line":94,"column":22},"end":{"line":94,"column":39}},"41":{"start":{"line":95,"column":6},"end":{"line":95,"column":34}},"42":{"start":{"line":97,"column":6},"end":{"line":97,"column":56}},"43":{"start":{"line":98,"column":6},"end":{"line":98,"column":18}},"44":{"start":{"line":104,"column":4},"end":{"line":109,"column":5}},"45":{"start":{"line":105,"column":6},"end":{"line":105,"column":58}},"46":{"start":{"line":107,"column":6},"end":{"line":107,"column":55}},"47":{"start":{"line":108,"column":6},"end":{"line":108,"column":18}},"48":{"start":{"line":114,"column":4},"end":{"line":119,"column":5}},"49":{"start":{"line":115,"column":6},"end":{"line":115,"column":89}},"50":{"start":{"line":117,"column":6},"end":{"line":117,"column":52}},"51":{"start":{"line":118,"column":6},"end":{"line":118,"column":18}}},"fnMap":{"0":{"name":"(anonymous_0)","decl":{"start":{"line":12,"column":2},"end":{"line":12,"column":3}},"loc":{"start":{"line":12,"column":51},"end":{"line":19,"column":3}},"line":12},"1":{"name":"(anonymous_1)","decl":{"start":{"line":21,"column":2},"end":{"line":21,"column":3}},"loc":{"start":{"line":21,"column":47},"end":{"line":28,"column":3}},"line":21},"2":{"name":"(anonymous_2)","decl":{"start":{"line":30,"column":2},"end":{"line":30,"column":3}},"loc":{"start":{"line":30,"column":41},"end":{"line":37,"column":3}},"line":30},"3":{"name":"(anonymous_3)","decl":{"start":{"line":40,"column":2},"end":{"line":40,"column":3}},"loc":{"start":{"line":40,"column":51},"end":{"line":47,"column":3}},"line":40},"4":{"name":"(anonymous_4)","decl":{"start":{"line":49,"column":2},"end":{"line":49,"column":3}},"loc":{"start":{"line":49,"column":47},"end":{"line":56,"column":3}},"line":49},"5":{"name":"(anonymous_5)","decl":{"start":{"line":59,"column":2},"end":{"line":59,"column":3}},"loc":{"start":{"line":59,"column":50},"end":{"line":66,"column":3}},"line":59},"6":{"name":"(anonymous_6)","decl":{"start":{"line":68,"column":2},"end":{"line":68,"column":3}},"loc":{"start":{"line":68,"column":43},"end":{"line":76,"column":3}},"line":68},"7":{"name":"(anonymous_7)","decl":{"start":{"line":79,"column":2},"end":{"line":79,"column":3}},"loc":{"start":{"line":79,"column":62},"end":{"line":89,"column":3}},"line":79},"8":{"name":"(anonymous_8)","decl":{"start":{"line":91,"column":2},"end":{"line":91,"column":3}},"loc":{"start":{"line":91,"column":56},"end":{"line":100,"column":3}},"line":91},"9":{"name":"(anonymous_9)","decl":{"start":{"line":103,"column":2},"end":{"line":103,"column":3}},"loc":{"start":{"line":103,"column":34},"end":{"line":110,"column":3}},"line":103},"10":{"name":"(anonymous_10)","decl":{"start":{"line":113,"column":2},"end":{"line":113,"column":3}},"loc":{"start":{"line":113,"column":35},"end":{"line":120,"column":3}},"line":113}},"branchMap":{"0":{"loc":{"start":{"line":71,"column":13},"end":{"line":71,"column":43}},"type":"cond-expr","locations":[{"start":{"line":71,"column":20},"end":{"line":71,"column":36}},{"start":{"line":71,"column":39},"end":{"line":71,"column":43}}],"line":71},"1":{"loc":{"start":{"line":81,"column":20},"end":{"line":81,"column":74}},"type":"binary-expr","locations":[{"start":{"line":81,"column":21},"end":{"line":81,"column":65}},{"start":{"line":81,"column":70},"end":{"line":81,"column":74}}],"line":81},"2":{"loc":{"start":{"line":93,"column":20},"end":{"line":93,"column":74}},"type":"binary-expr","locations":[{"start":{"line":93,"column":21},"end":{"line":93,"column":65}},{"start":{"line":93,"column":70},"end":{"line":93,"column":74}}],"line":93},"3":{"loc":{"start":{"line":95,"column":13},"end":{"line":95,"column":33}},"type":"binary-expr","locations":[{"start":{"line":95,"column":13},"end":{"line":95,"column":25}},{"start":{"line":95,"column":29},"end":{"line":95,"column":33}}],"line":95}},"s":{"0":11,"1":11,"2":0,"3":0,"4":0,"5":0,"6":5,"7":5,"8":0,"9":0,"10":0,"11":0,"12":0,"13":0,"14":0,"15":0,"16":0,"17":0,"18":0,"19":0,"20":0,"21":0,"22":0,"23":0,"24":0,"25":0,"26":2,"27":2,"28":2,"29":0,"30":0,"31":0,"32":0,"33":0,"34":0,"35":0,"36":0,"37":0,"38":0,"39":0,"40":0,"41":0,"42":0,"43":0,"44":0,"45":0,"46":0,"47":0,"48":0,"49":0,"50":0,"51":0},"f":{"0":0,"1":5,"2":0,"3":0,"4":0,"5":0,"6":2,"7":0,"8":0,"9":0,"10":0},"b":{"0":[0,2],"1":[0,0],"2":[0,0],"3":[0,0]},"_coverageSchema":"1a1c01bbd47fc00a2c39e90264f33305004495a9","hash":"7926c29e358a3e214f9d28f34f9b2c6fc25da0db"}
,"E:\\DEV\\projects\\leish\\store\\index.ts": {"path":"E:\\DEV\\projects\\leish\\store\\index.ts","statementMap":{"0":{"start":{"line":28,"column":28},"end":{"line":108,"column":3}},"1":{"start":{"line":28,"column":56},"end":{"line":108,"column":1}},"2":{"start":{"line":37,"column":21},"end":{"line":37,"column":34}},"3":{"start":{"line":38,"column":23},"end":{"line":38,"column":37}},"4":{"start":{"line":39,"column":29},"end":{"line":39,"column":47}},"5":{"start":{"line":40,"column":23},"end":{"line":40,"column":37}},"6":{"start":{"line":44,"column":4},"end":{"line":44,"column":29}},"7":{"start":{"line":45,"column":4},"end":{"line":56,"column":5}},"8":{"start":{"line":46,"column":20},"end":{"line":46,"column":55}},"9":{"start":{"line":47,"column":23},"end":{"line":47,"column":57}},"10":{"start":{"line":49,"column":6},"end":{"line":51,"column":7}},"11":{"start":{"line":50,"column":8},"end":{"line":50,"column":39}},"12":{"start":{"line":53,"column":6},"end":{"line":53,"column":53}},"13":{"start":{"line":55,"column":6},"end":{"line":55,"column":53}},"14":{"start":{"line":61,"column":4},"end":{"line":61,"column":42}},"15":{"start":{"line":62,"column":4},"end":{"line":74,"column":5}},"16":{"start":{"line":63,"column":23},"end":{"line":63,"column":63}},"17":{"start":{"line":64,"column":6},"end":{"line":68,"column":9}},"18":{"start":{"line":69,"column":6},"end":{"line":69,"column":27}},"19":{"start":{"line":71,"column":27},"end":{"line":71,"column":59}},"20":{"start":{"line":72,"column":6},"end":{"line":72,"column":53}},"21":{"start":{"line":73,"column":6},"end":{"line":73,"column":18}},"22":{"start":{"line":79,"column":4},"end":{"line":79,"column":42}},"23":{"start":{"line":80,"column":4},"end":{"line":92,"column":5}},"24":{"start":{"line":81,"column":23},"end":{"line":81,"column":70}},"25":{"start":{"line":82,"column":6},"end":{"line":86,"column":9}},"26":{"start":{"line":87,"column":6},"end":{"line":87,"column":27}},"27":{"start":{"line":89,"column":27},"end":{"line":89,"column":60}},"28":{"start":{"line":90,"column":6},"end":{"line":90,"column":53}},"29":{"start":{"line":91,"column":6},"end":{"line":91,"column":18}},"30":{"start":{"line":97,"column":4},"end":{"line":97,"column":29}},"31":{"start":{"line":98,"column":4},"end":{"line":104,"column":5}},"32":{"start":{"line":99,"column":6},"end":{"line":99,"column":33}},"33":{"start":{"line":100,"column":6},"end":{"line":100,"column":57}},"34":{"start":{"line":102,"column":6},"end":{"line":102,"column":44}},"35":{"start":{"line":103,"column":6},"end":{"line":103,"column":32}},"36":{"start":{"line":107,"column":20},"end":{"line":107,"column":40}},"37":{"start":{"line":120,"column":27},"end":{"line":127,"column":3}},"38":{"start":{"line":120,"column":54},"end":{"line":127,"column":1}},"39":{"start":{"line":124,"column":22},"end":{"line":124,"column":42}},"40":{"start":{"line":125,"column":23},"end":{"line":125,"column":37}},"41":{"start":{"line":126,"column":29},"end":{"line":126,"column":46}}},"fnMap":{"0":{"name":"(anonymous_0)","decl":{"start":{"line":28,"column":46},"end":{"line":28,"column":47}},"loc":{"start":{"line":28,"column":56},"end":{"line":108,"column":1}},"line":28},"1":{"name":"(anonymous_1)","decl":{"start":{"line":37,"column":11},"end":{"line":37,"column":12}},"loc":{"start":{"line":37,"column":21},"end":{"line":37,"column":34}},"line":37},"2":{"name":"(anonymous_2)","decl":{"start":{"line":38,"column":12},"end":{"line":38,"column":13}},"loc":{"start":{"line":38,"column":23},"end":{"line":38,"column":37}},"line":38},"3":{"name":"(anonymous_3)","decl":{"start":{"line":39,"column":14},"end":{"line":39,"column":15}},"loc":{"start":{"line":39,"column":29},"end":{"line":39,"column":47}},"line":39},"4":{"name":"(anonymous_4)","decl":{"start":{"line":40,"column":12},"end":{"line":40,"column":13}},"loc":{"start":{"line":40,"column":23},"end":{"line":40,"column":37}},"line":40},"5":{"name":"(anonymous_5)","decl":{"start":{"line":43,"column":14},"end":{"line":43,"column":15}},"loc":{"start":{"line":43,"column":26},"end":{"line":57,"column":3}},"line":43},"6":{"name":"(anonymous_6)","decl":{"start":{"line":60,"column":9},"end":{"line":60,"column":10}},"loc":{"start":{"line":60,"column":52},"end":{"line":75,"column":3}},"line":60},"7":{"name":"(anonymous_7)","decl":{"start":{"line":78,"column":10},"end":{"line":78,"column":11}},"loc":{"start":{"line":78,"column":67},"end":{"line":93,"column":3}},"line":78},"8":{"name":"(anonymous_8)","decl":{"start":{"line":96,"column":10},"end":{"line":96,"column":11}},"loc":{"start":{"line":96,"column":22},"end":{"line":105,"column":3}},"line":96},"9":{"name":"(anonymous_9)","decl":{"start":{"line":107,"column":14},"end":{"line":107,"column":15}},"loc":{"start":{"line":107,"column":20},"end":{"line":107,"column":40}},"line":107},"10":{"name":"(anonymous_10)","decl":{"start":{"line":120,"column":44},"end":{"line":120,"column":45}},"loc":{"start":{"line":120,"column":54},"end":{"line":127,"column":1}},"line":120},"11":{"name":"(anonymous_11)","decl":{"start":{"line":124,"column":13},"end":{"line":124,"column":14}},"loc":{"start":{"line":124,"column":22},"end":{"line":124,"column":42}},"line":124},"12":{"name":"(anonymous_12)","decl":{"start":{"line":125,"column":12},"end":{"line":125,"column":13}},"loc":{"start":{"line":125,"column":23},"end":{"line":125,"column":37}},"line":125},"13":{"name":"(anonymous_13)","decl":{"start":{"line":126,"column":15},"end":{"line":126,"column":16}},"loc":{"start":{"line":126,"column":29},"end":{"line":126,"column":46}},"line":126}},"branchMap":{"0":{"loc":{"start":{"line":49,"column":6},"end":{"line":51,"column":7}},"type":"if","locations":[{"start":{"line":49,"column":6},"end":{"line":51,"column":7}},{"start":{},"end":{}}],"line":49},"1":{"loc":{"start":{"line":49,"column":10},"end":{"line":49,"column":27}},"type":"binary-expr","locations":[{"start":{"line":49,"column":10},"end":{"line":49,"column":15}},{"start":{"line":49,"column":19},"end":{"line":49,"column":27}}],"line":49},"2":{"loc":{"start":{"line":71,"column":27},"end":{"line":71,"column":59}},"type":"binary-expr","locations":[{"start":{"line":71,"column":27},"end":{"line":71,"column":41}},{"start":{"line":71,"column":45},"end":{"line":71,"column":59}}],"line":71},"3":{"loc":{"start":{"line":89,"column":27},"end":{"line":89,"column":60}},"type":"binary-expr","locations":[{"start":{"line":89,"column":27},"end":{"line":89,"column":41}},{"start":{"line":89,"column":45},"end":{"line":89,"column":60}}],"line":89},"4":{"loc":{"start":{"line":121,"column":10},"end":{"line":121,"column":70}},"type":"binary-expr","locations":[{"start":{"line":121,"column":10},"end":{"line":121,"column":41}},{"start":{"line":121,"column":45},"end":{"line":121,"column":70}}],"line":121}},"s":{"0":5,"1":5,"2":27,"3":17,"4":13,"5":15,"6":7,"7":7,"8":7,"9":6,"10":6,"11":2,"12":1,"13":7,"14":12,"15":12,"16":12,"17":7,"18":7,"19":5,"20":5,"21":5,"22":4,"23":4,"24":4,"25":2,"26":2,"27":2,"28":2,"29":2,"30":4,"31":4,"32":4,"33":3,"34":1,"35":1,"36":6,"37":5,"38":5,"39":5,"40":13,"41":11},"f":{"0":5,"1":27,"2":17,"3":13,"4":15,"5":7,"6":12,"7":4,"8":4,"9":6,"10":5,"11":5,"12":13,"13":11},"b":{"0":[2,4],"1":[6,2],"2":[5,0],"3":[2,1],"4":[5,5]},"_coverageSchema":"1a1c01bbd47fc00a2c39e90264f33305004495a9","hash":"49947150e8cf8173eec72194d204e28ab635842a"}
,"E:\\DEV\\projects\\leish\\utils\\formatting.ts": {"path":"E:\\DEV\\projects\\leish\\utils\\formatting.ts","statementMap":{"0":{"start":{"line":2,"column":12},"end":{"line":2,"column":60}},"1":{"start":{"line":3,"column":2},"end":{"line":7,"column":5}},"2":{"start":{"line":11,"column":12},"end":{"line":11,"column":60}},"3":{"start":{"line":12,"column":2},"end":{"line":18,"column":5}},"4":{"start":{"line":22,"column":12},"end":{"line":22,"column":60}},"5":{"start":{"line":23,"column":2},"end":{"line":26,"column":5}},"6":{"start":{"line":30,"column":12},"end":{"line":30,"column":60}},"7":{"start":{"line":31,"column":14},"end":{"line":31,"column":24}},"8":{"start":{"line":32,"column":17},"end":{"line":32,"column":44}},"9":{"start":{"line":33,"column":19},"end":{"line":33,"column":45}},"10":{"start":{"line":34,"column":20},"end":{"line":34,"column":48}},"11":{"start":{"line":35,"column":19},"end":{"line":35,"column":48}},"12":{"start":{"line":37,"column":2},"end":{"line":37,"column":38}},"13":{"start":{"line":37,"column":20},"end":{"line":37,"column":38}},"14":{"start":{"line":38,"column":2},"end":{"line":38,"column":47}},"15":{"start":{"line":38,"column":21},"end":{"line":38,"column":47}},"16":{"start":{"line":39,"column":2},"end":{"line":39,"column":49}},"17":{"start":{"line":39,"column":22},"end":{"line":39,"column":49}},"18":{"start":{"line":40,"column":2},"end":{"line":40,"column":46}},"19":{"start":{"line":40,"column":20},"end":{"line":40,"column":46}},"20":{"start":{"line":42,"column":2},"end":{"line":42,"column":23}},"21":{"start":{"line":46,"column":2},"end":{"line":46,"column":44}},"22":{"start":{"line":46,"column":32},"end":{"line":46,"column":44}},"23":{"start":{"line":47,"column":2},"end":{"line":47,"column":46}},"24":{"start":{"line":51,"column":2},"end":{"line":54,"column":20}},"25":{"start":{"line":58,"column":2},"end":{"line":58,"column":54}},"26":{"start":{"line":62,"column":2},"end":{"line":67,"column":29}}},"fnMap":{"0":{"name":"formatDate","decl":{"start":{"line":1,"column":16},"end":{"line":1,"column":26}},"loc":{"start":{"line":1,"column":56},"end":{"line":8,"column":1}},"line":1},"1":{"name":"formatDateTime","decl":{"start":{"line":10,"column":16},"end":{"line":10,"column":30}},"loc":{"start":{"line":10,"column":60},"end":{"line":19,"column":1}},"line":10},"2":{"name":"formatTime","decl":{"start":{"line":21,"column":16},"end":{"line":21,"column":26}},"loc":{"start":{"line":21,"column":56},"end":{"line":27,"column":1}},"line":21},"3":{"name":"formatRelativeTime","decl":{"start":{"line":29,"column":16},"end":{"line":29,"column":34}},"loc":{"start":{"line":29,"column":64},"end":{"line":43,"column":1}},"line":29},"4":{"name":"truncateText","decl":{"start":{"line":45,"column":16},"end":{"line":45,"column":28}},"loc":{"start":{"line":45,"column":70},"end":{"line":48,"column":1}},"line":45},"5":{"name":"formatCurrency","decl":{"start":{"line":50,"column":16},"end":{"line":50,"column":30}},"loc":{"start":{"line":50,"column":73},"end":{"line":55,"column":1}},"line":50},"6":{"name":"capitalize","decl":{"start":{"line":57,"column":16},"end":{"line":57,"column":26}},"loc":{"start":{"line":57,"column":49},"end":{"line":59,"column":1}},"line":57},"7":{"name":"slugify","decl":{"start":{"line":61,"column":16},"end":{"line":61,"column":23}},"loc":{"start":{"line":61,"column":46},"end":{"line":68,"column":1}},"line":61}},"branchMap":{"0":{"loc":{"start":{"line":2,"column":12},"end":{"line":2,"column":60}},"type":"cond-expr","locations":[{"start":{"line":2,"column":39},"end":{"line":2,"column":53}},{"start":{"line":2,"column":56},"end":{"line":2,"column":60}}],"line":2},"1":{"loc":{"start":{"line":11,"column":12},"end":{"line":11,"column":60}},"type":"cond-expr","locations":[{"start":{"line":11,"column":39},"end":{"line":11,"column":53}},{"start":{"line":11,"column":56},"end":{"line":11,"column":60}}],"line":11},"2":{"loc":{"start":{"line":22,"column":12},"end":{"line":22,"column":60}},"type":"cond-expr","locations":[{"start":{"line":22,"column":39},"end":{"line":22,"column":53}},{"start":{"line":22,"column":56},"end":{"line":22,"column":60}}],"line":22},"3":{"loc":{"start":{"line":30,"column":12},"end":{"line":30,"column":60}},"type":"cond-expr","locations":[{"start":{"line":30,"column":39},"end":{"line":30,"column":53}},{"start":{"line":30,"column":56},"end":{"line":30,"column":60}}],"line":30},"4":{"loc":{"start":{"line":37,"column":2},"end":{"line":37,"column":38}},"type":"if","locations":[{"start":{"line":37,"column":2},"end":{"line":37,"column":38}},{"start":{},"end":{}}],"line":37},"5":{"loc":{"start":{"line":38,"column":2},"end":{"line":38,"column":47}},"type":"if","locations":[{"start":{"line":38,"column":2},"end":{"line":38,"column":47}},{"start":{},"end":{}}],"line":38},"6":{"loc":{"start":{"line":39,"column":2},"end":{"line":39,"column":49}},"type":"if","locations":[{"start":{"line":39,"column":2},"end":{"line":39,"column":49}},{"start":{},"end":{}}],"line":39},"7":{"loc":{"start":{"line":40,"column":2},"end":{"line":40,"column":46}},"type":"if","locations":[{"start":{"line":40,"column":2},"end":{"line":40,"column":46}},{"start":{},"end":{}}],"line":40},"8":{"loc":{"start":{"line":46,"column":2},"end":{"line":46,"column":44}},"type":"if","locations":[{"start":{"line":46,"column":2},"end":{"line":46,"column":44}},{"start":{},"end":{}}],"line":46},"9":{"loc":{"start":{"line":50,"column":47},"end":{"line":50,"column":63}},"type":"default-arg","locations":[{"start":{"line":50,"column":58},"end":{"line":50,"column":63}}],"line":50}},"s":{"0":0,"1":0,"2":0,"3":0,"4":0,"5":0,"6":0,"7":0,"8":0,"9":0,"10":0,"11":0,"12":0,"13":0,"14":0,"15":0,"16":0,"17":0,"18":0,"19":0,"20":0,"21":2,"22":1,"23":1,"24":1,"25":1,"26":1},"f":{"0":0,"1":0,"2":0,"3":0,"4":2,"5":1,"6":1,"7":1},"b":{"0":[0,0],"1":[0,0],"2":[0,0],"3":[0,0],"4":[0,0],"5":[0,0],"6":[0,0],"7":[0,0],"8":[1,1],"9":[0]},"_coverageSchema":"1a1c01bbd47fc00a2c39e90264f33305004495a9","hash":"6948d2da9af897a0bbcf8a13973c7b69932ecebb"}
}
