TN:
SF:components\themed-text.tsx
FN:11,ThemedText
FNF:1
FNH:1
FNDA:3,ThemedText
DA:18,3
DA:20,3
DA:36,3
LF:3
LH:3
BRDA:15,0,0,3
BRDA:24,1,0,3
BRDA:24,1,1,0
BRDA:25,2,0,0
BRDA:25,2,1,3
BRDA:26,3,0,0
BRDA:26,3,1,3
BRDA:27,4,0,0
BRDA:27,4,1,3
BRDA:28,5,0,0
BRDA:28,5,1,3
BRF:11
BRH:6
end_of_record
TN:
SF:components\themed-view.tsx
FN:10,ThemedView
FNF:1
FNH:1
FNDA:1,ThemedView
DA:11,1
DA:13,1
LF:2
LH:2
BRF:0
BRH:0
end_of_record
TN:
SF:components\ui\button.tsx
FN:16,Button
FN:29,(anonymous_1)
FN:43,(anonymous_2)
FN:50,(anonymous_3)
FN:64,(anonymous_4)
FNF:5
FNH:5
FNDA:1,Button
FNDA:1,(anonymous_1)
FNDA:1,(anonymous_2)
FNDA:1,(anonymous_3)
FNDA:1,(anonymous_4)
DA:25,1
DA:26,1
DA:27,1
DA:29,1
DA:30,1
DA:31,1
DA:33,1
DA:35,0
DA:37,0
DA:39,0
DA:43,1
DA:44,1
DA:45,1
DA:47,0
DA:50,1
DA:51,1
DA:53,0
DA:55,0
DA:58,1
DA:62,1
DA:64,1
DA:92,1
LF:22
LH:16
BRDA:19,0,0,1
BRDA:20,1,0,1
BRDA:21,2,0,1
BRDA:22,3,0,1
BRDA:30,4,0,0
BRDA:30,4,1,1
BRDA:31,5,0,1
BRDA:31,5,1,0
BRDA:31,5,2,0
BRDA:31,5,3,0
BRDA:44,6,0,1
BRDA:44,6,1,0
BRDA:51,7,0,0
BRDA:51,7,1,0
BRDA:51,7,2,1
BRDA:51,7,3,1
BRDA:68,8,0,0
BRDA:68,8,1,1
BRDA:73,9,0,1
BRDA:73,9,1,1
BRDA:76,10,0,0
BRDA:76,10,1,1
BRF:22
BRH:13
end_of_record
TN:
SF:components\ui\card.tsx
FN:13,Card
FN:41,ListCard
FNF:2
FNH:1
FNDA:1,Card
FNDA:0,ListCard
DA:14,1
DA:51,0
DA:67,0
DA:74,1
LF:4
LH:2
BRDA:13,0,0,1
BRDA:13,1,0,1
BRDA:52,2,0,0
BRDA:52,2,1,0
BRDA:54,3,0,0
BRDA:54,3,1,0
BRDA:59,4,0,0
BRDA:59,4,1,0
BRDA:61,5,0,0
BRDA:61,5,1,0
BRF:10
BRH:2
end_of_record
TN:
SF:components\ui\input.tsx
FN:21,TextInputField
FNF:1
FNH:1
FNDA:1,TextInputField
DA:35,1
DA:36,1
DA:37,1
DA:38,1
DA:39,1
DA:41,1
DA:76,1
LF:7
LH:7
BRDA:26,0,0,1
BRDA:28,1,0,1
BRDA:29,2,0,1
BRDA:30,3,0,1
BRDA:31,4,0,1
BRDA:32,5,0,1
BRDA:39,6,0,0
BRDA:39,6,1,1
BRDA:43,7,0,1
BRDA:43,7,1,1
BRDA:46,8,0,1
BRDA:46,8,1,0
BRDA:56,9,0,0
BRDA:56,9,1,1
BRDA:71,10,0,1
BRDA:71,10,1,0
BRF:16
BRH:12
end_of_record
TN:
SF:constants\theme.ts
FNF:0
FNH:0
DA:8,3
DA:9,3
DA:11,3
DA:30,3
LF:4
LH:4
BRF:0
BRH:0
end_of_record
TN:
SF:hooks\use-async.ts
FN:14,useAsync
FN:25,(anonymous_1)
FN:40,(anonymous_2)
FN:55,useMutation
FN:66,(anonymous_4)
FNF:5
FNH:3
FNDA:3,useAsync
FNDA:1,(anonymous_1)
FNDA:1,(anonymous_2)
FNDA:0,useMutation
FNDA:0,(anonymous_4)
DA:19,3
DA:25,3
DA:26,1
DA:27,1
DA:28,1
DA:29,1
DA:30,1
DA:31,1
DA:33,0
DA:34,0
DA:35,0
DA:36,0
DA:40,3
DA:41,1
DA:42,1
DA:46,3
DA:59,0
DA:65,0
DA:67,0
DA:68,0
DA:69,0
DA:70,0
DA:71,0
DA:72,0
DA:74,0
DA:75,0
DA:76,0
DA:77,0
DA:83,0
LF:29
LH:12
BRDA:16,0,0,0
BRDA:33,1,0,0
BRDA:33,1,1,0
BRDA:41,2,0,1
BRDA:41,2,1,0
BRDA:74,3,0,0
BRDA:74,3,1,0
BRF:7
BRH:1
end_of_record
TN:
SF:hooks\use-auth.ts
FN:4,(anonymous_0)
FN:6,(anonymous_1)
FN:9,(anonymous_2)
FN:10,(anonymous_3)
FNF:4
FNH:4
FNDA:7,(anonymous_0)
FNDA:27,(anonymous_1)
FNDA:2,(anonymous_2)
FNDA:2,(anonymous_3)
DA:4,1
DA:5,7
DA:6,27
DA:7,7
DA:9,7
DA:10,2
DA:11,2
DA:12,2
DA:15,2
DA:18,7
LF:10
LH:10
BRF:0
BRH:0
end_of_record
TN:
SF:hooks\use-color-scheme.ts
FNF:0
FNH:0
LF:0
LH:0
BRF:0
BRH:0
end_of_record
TN:
SF:hooks\use-theme-color.ts
FN:9,useThemeColor
FNF:1
FNH:1
FNDA:11,useThemeColor
DA:13,11
DA:14,11
DA:16,11
DA:17,0
DA:19,11
LF:5
LH:4
BRDA:13,0,0,11
BRDA:13,0,1,0
BRDA:16,1,0,0
BRDA:16,1,1,11
BRF:4
BRH:2
end_of_record
TN:
SF:services\api.ts
FN:18,(anonymous_0)
FN:25,(anonymous_1)
FN:32,(anonymous_2)
FN:33,(anonymous_3)
FN:47,(anonymous_4)
FN:59,(anonymous_5)
FN:72,(anonymous_6)
FN:80,(anonymous_7)
FN:89,(anonymous_8)
FN:99,(anonymous_9)
FN:109,(anonymous_10)
FN:119,(anonymous_11)
FN:129,(anonymous_12)
FN:139,(anonymous_13)
FNF:14
FNH:3
FNDA:7,(anonymous_0)
FNDA:0,(anonymous_1)
FNDA:7,(anonymous_2)
FNDA:0,(anonymous_3)
FNDA:0,(anonymous_4)
FNDA:0,(anonymous_5)
FNDA:0,(anonymous_6)
FNDA:0,(anonymous_7)
FNDA:0,(anonymous_8)
FNDA:0,(anonymous_9)
FNDA:0,(anonymous_10)
FNDA:0,(anonymous_11)
FNDA:0,(anonymous_12)
FNDA:1,(anonymous_13)
DA:5,7
DA:8,7
DA:17,7
DA:19,7
DA:20,7
DA:21,0
DA:23,7
DA:26,0
DA:31,7
DA:32,7
DA:35,0
DA:36,0
DA:41,0
DA:45,7
DA:48,0
DA:49,0
DA:53,0
DA:55,0
DA:60,0
DA:61,0
DA:66,0
DA:68,0
DA:73,0
DA:74,0
DA:76,0
DA:81,0
DA:82,0
DA:83,0
DA:85,0
DA:90,0
DA:91,0
DA:92,0
DA:94,0
DA:100,0
DA:101,0
DA:102,0
DA:104,0
DA:110,0
DA:111,0
DA:112,0
DA:114,0
DA:120,0
DA:121,0
DA:122,0
DA:124,0
DA:130,0
DA:131,0
DA:132,0
DA:134,0
DA:140,1
DA:141,1
DA:142,1
DA:144,1
DA:151,0
LF:54
LH:13
BRDA:5,0,0,7
BRDA:5,0,1,7
BRDA:20,1,0,0
BRDA:20,1,1,7
BRDA:35,2,0,0
BRDA:35,2,1,0
BRDA:140,3,0,1
BRDA:140,3,1,0
BRDA:142,4,0,1
BRDA:142,4,1,0
BRF:10
BRH:5
end_of_record
TN:
SF:services\auth.ts
FN:6,(anonymous_0)
FN:26,(anonymous_1)
FN:46,(anonymous_2)
FN:57,(anonymous_3)
FN:67,(anonymous_4)
FN:72,(anonymous_5)
FNF:6
FNH:6
FNDA:2,(anonymous_0)
FNDA:2,(anonymous_1)
FNDA:2,(anonymous_2)
FNDA:2,(anonymous_3)
FNDA:2,(anonymous_4)
FNDA:2,(anonymous_5)
DA:5,6
DA:7,2
DA:8,2
DA:11,1
DA:12,1
DA:14,1
DA:15,1
DA:16,1
DA:19,1
DA:21,1
DA:22,1
DA:27,2
DA:28,2
DA:31,1
DA:32,1
DA:34,1
DA:35,1
DA:36,1
DA:39,1
DA:41,1
DA:42,1
DA:47,2
DA:48,2
DA:50,1
DA:53,2
DA:58,2
DA:59,2
DA:60,1
DA:62,1
DA:63,1
DA:68,2
DA:69,2
DA:73,2
LF:33
LH:33
BRDA:11,0,0,1
BRDA:11,0,1,0
BRDA:14,1,0,1
BRDA:14,1,1,0
BRDA:31,2,0,1
BRDA:31,2,1,0
BRDA:34,3,0,1
BRDA:34,3,1,0
BRDA:60,4,0,1
BRDA:60,4,1,1
BRF:10
BRH:6
end_of_record
TN:
SF:services\storage.ts
FN:12,(anonymous_0)
FN:21,(anonymous_1)
FN:30,(anonymous_2)
FN:40,(anonymous_3)
FN:49,(anonymous_4)
FN:59,(anonymous_5)
FN:68,(anonymous_6)
FN:79,(anonymous_7)
FN:91,(anonymous_8)
FN:103,(anonymous_9)
FN:113,(anonymous_10)
FNF:11
FNH:2
FNDA:0,(anonymous_0)
FNDA:5,(anonymous_1)
FNDA:0,(anonymous_2)
FNDA:0,(anonymous_3)
FNDA:0,(anonymous_4)
FNDA:0,(anonymous_5)
FNDA:2,(anonymous_6)
FNDA:0,(anonymous_7)
FNDA:0,(anonymous_8)
FNDA:0,(anonymous_9)
FNDA:0,(anonymous_10)
DA:3,11
DA:10,11
DA:13,0
DA:14,0
DA:16,0
DA:17,0
DA:22,5
DA:23,5
DA:25,0
DA:26,0
DA:31,0
DA:32,0
DA:34,0
DA:35,0
DA:41,0
DA:42,0
DA:44,0
DA:45,0
DA:50,0
DA:51,0
DA:53,0
DA:54,0
DA:60,0
DA:61,0
DA:63,0
DA:64,0
DA:69,2
DA:70,2
DA:71,2
DA:73,0
DA:74,0
DA:80,0
DA:81,0
DA:82,0
DA:83,0
DA:84,0
DA:86,0
DA:87,0
DA:92,0
DA:93,0
DA:94,0
DA:95,0
DA:97,0
DA:98,0
DA:104,0
DA:105,0
DA:107,0
DA:108,0
DA:114,0
DA:115,0
DA:117,0
DA:118,0
LF:52
LH:7
BRDA:71,0,0,0
BRDA:71,0,1,2
BRDA:81,1,0,0
BRDA:81,1,1,0
BRDA:93,2,0,0
BRDA:93,2,1,0
BRDA:95,3,0,0
BRDA:95,3,1,0
BRF:8
BRH:1
end_of_record
TN:
SF:store\index.ts
FN:28,(anonymous_0)
FN:37,(anonymous_1)
FN:38,(anonymous_2)
FN:39,(anonymous_3)
FN:40,(anonymous_4)
FN:43,(anonymous_5)
FN:60,(anonymous_6)
FN:78,(anonymous_7)
FN:96,(anonymous_8)
FN:107,(anonymous_9)
FN:120,(anonymous_10)
FN:124,(anonymous_11)
FN:125,(anonymous_12)
FN:126,(anonymous_13)
FNF:14
FNH:14
FNDA:5,(anonymous_0)
FNDA:27,(anonymous_1)
FNDA:17,(anonymous_2)
FNDA:13,(anonymous_3)
FNDA:15,(anonymous_4)
FNDA:7,(anonymous_5)
FNDA:12,(anonymous_6)
FNDA:4,(anonymous_7)
FNDA:4,(anonymous_8)
FNDA:6,(anonymous_9)
FNDA:5,(anonymous_10)
FNDA:5,(anonymous_11)
FNDA:13,(anonymous_12)
FNDA:11,(anonymous_13)
DA:28,5
DA:37,27
DA:38,17
DA:39,13
DA:40,15
DA:44,7
DA:45,7
DA:46,7
DA:47,6
DA:49,6
DA:50,2
DA:53,1
DA:55,7
DA:61,12
DA:62,12
DA:63,12
DA:64,7
DA:69,7
DA:71,5
DA:72,5
DA:73,5
DA:79,4
DA:80,4
DA:81,4
DA:82,2
DA:87,2
DA:89,2
DA:90,2
DA:91,2
DA:97,4
DA:98,4
DA:99,4
DA:100,3
DA:102,1
DA:103,1
DA:107,6
DA:120,5
DA:124,5
DA:125,13
DA:126,11
LF:40
LH:40
BRDA:49,0,0,2
BRDA:49,0,1,4
BRDA:49,1,0,6
BRDA:49,1,1,2
BRDA:71,2,0,5
BRDA:71,2,1,0
BRDA:89,3,0,2
BRDA:89,3,1,1
BRDA:121,4,0,5
BRDA:121,4,1,5
BRF:10
BRH:9
end_of_record
TN:
SF:utils\formatting.ts
FN:1,formatDate
FN:10,formatDateTime
FN:21,formatTime
FN:29,formatRelativeTime
FN:45,truncateText
FN:50,formatCurrency
FN:57,capitalize
FN:61,slugify
FNF:8
FNH:4
FNDA:0,formatDate
FNDA:0,formatDateTime
FNDA:0,formatTime
FNDA:0,formatRelativeTime
FNDA:2,truncateText
FNDA:1,formatCurrency
FNDA:1,capitalize
FNDA:1,slugify
DA:2,0
DA:3,0
DA:11,0
DA:12,0
DA:22,0
DA:23,0
DA:30,0
DA:31,0
DA:32,0
DA:33,0
DA:34,0
DA:35,0
DA:37,0
DA:38,0
DA:39,0
DA:40,0
DA:42,0
DA:46,2
DA:47,1
DA:51,1
DA:58,1
DA:62,1
LF:22
LH:5
BRDA:2,0,0,0
BRDA:2,0,1,0
BRDA:11,1,0,0
BRDA:11,1,1,0
BRDA:22,2,0,0
BRDA:22,2,1,0
BRDA:30,3,0,0
BRDA:30,3,1,0
BRDA:37,4,0,0
BRDA:37,4,1,0
BRDA:38,5,0,0
BRDA:38,5,1,0
BRDA:39,6,0,0
BRDA:39,6,1,0
BRDA:40,7,0,0
BRDA:40,7,1,0
BRDA:46,8,0,1
BRDA:46,8,1,1
BRDA:50,9,0,0
BRF:19
BRH:2
end_of_record
